<?xml version="1.0" encoding="UTF-8"?>
<!-- Generated by org.testng.reporters.JUnitReportReporter -->
<testsuite skipped="0" hostname="ip-172-31-32-197" name="com.ecommerce.webapp.test.ApplicationDemoTest" tests="5" failures="0" timestamp="2021-02-25T16:51:04 UTC" time="11.182" errors="0">
  <testcase name="lauchChromeTest" time="4.755" classname="com.ecommerce.webapp.test.ApplicationDemoTest"/>
  <system-out/>
  <testcase name="verifyAmazonHomePageTitle" time="0.031" classname="com.ecommerce.webapp.test.ApplicationDemoTest"/>
  <system-out/>
  <testcase name="verifyAmazonHomePageSourceURL" time="0.130" classname="com.ecommerce.webapp.test.ApplicationDemoTest"/>
  <system-out/>
  <testcase name="lauchFireFoxTest" time="5.479" classname="com.ecommerce.webapp.test.ApplicationDemoTest"/>
  <system-out/>
  <testcase name="verifyFacebookHomePageTitle" time="0.787" classname="com.ecommerce.webapp.test.ApplicationDemoTest"/>
  <system-out/>
</testsuite> <!-- com.ecommerce.webapp.test.ApplicationDemoTest -->
